a:\it\c++\pcruntime\pcruntime\debug\vc140.pdb
a:\it\c++\pcruntime\pcruntime\debug\vc140.idb
a:\it\c++\pcruntime\pcruntime\debug\source.obj
a:\it\c++\pcruntime\debug\pcruntime.pdb
a:\it\c++\pcruntime\pcruntime\debug\pcruntime.tlog\cl.command.1.tlog
a:\it\c++\pcruntime\pcruntime\debug\pcruntime.tlog\cl.read.1.tlog
a:\it\c++\pcruntime\pcruntime\debug\pcruntime.tlog\cl.write.1.tlog
a:\it\c++\pcruntime\pcruntime\debug\pcruntime.tlog\link-cvtres.read.1.tlog
a:\it\c++\pcruntime\pcruntime\debug\pcruntime.tlog\link-cvtres.write.1.tlog
a:\it\c++\pcruntime\pcruntime\debug\pcruntime.tlog\link-rc.read.1.tlog
a:\it\c++\pcruntime\pcruntime\debug\pcruntime.tlog\link-rc.write.1.tlog
a:\it\c++\pcruntime\pcruntime\debug\pcruntime.tlog\link.4976-cvtres.read.1.tlog
a:\it\c++\pcruntime\pcruntime\debug\pcruntime.tlog\link.4976-cvtres.write.1.tlog
a:\it\c++\pcruntime\pcruntime\debug\pcruntime.tlog\link.4976-rc.read.1.tlog
a:\it\c++\pcruntime\pcruntime\debug\pcruntime.tlog\link.4976-rc.write.1.tlog
a:\it\c++\pcruntime\pcruntime\debug\pcruntime.tlog\link.4976.read.1.tlog
a:\it\c++\pcruntime\pcruntime\debug\pcruntime.tlog\link.4976.write.1.tlog
a:\it\c++\pcruntime\pcruntime\debug\pcruntime.tlog\link.command.1.tlog
a:\it\c++\pcruntime\pcruntime\debug\pcruntime.tlog\link.read.1.tlog
a:\it\c++\pcruntime\pcruntime\debug\pcruntime.tlog\link.write.1.tlog
